<?xml version="1.0" encoding="UTF-8"?>
<!-- Generated by org.testng.reporters.JUnitReportReporter -->
<testsuite skipped="0" hostname="PC" name="MyTestNGTest" tests="1" failures="0" timestamp="20 мар 2018 13:07:23 GMT" time="16.303" errors="0">
  <testcase name="shopTest" time="16.303" classname="MyTestNGTest"/>
</testsuite> <!-- MyTestNGTest -->
